<?xml version="1.0" encoding="UTF-8"?>
<!-- Generated by org.testng.reporters.JUnitReportReporter -->
<testsuite skipped="0" hostname="WT386.local" name="com.qa.gridizen.LoginTest.AddMantenanceTest" tests="4" failures="0" timestamp="25 Jan 2021 12:30:56 GMT" time="117.936" errors="0">
  <testcase name="add" time="27.011" classname="com.qa.gridizen.LoginTest.AddMantenanceTest"/>
  <testcase name="add" time="29.388" classname="com.qa.gridizen.LoginTest.AddMantenanceTest"/>
  <testcase name="add" time="36.011" classname="com.qa.gridizen.LoginTest.AddMantenanceTest"/>
  <testcase name="add" time="25.526" classname="com.qa.gridizen.LoginTest.AddMantenanceTest"/>
</testsuite> <!-- com.qa.gridizen.LoginTest.AddMantenanceTest -->
