<?xml version="1.0" encoding="UTF-8"?>
<!-- Generated by org.testng.reporters.JUnitReportReporter -->
<testsuite skipped="0" hostname="WT386.local" name="com.qa.gridizen.LoginTest.AddCalenderTest" tests="5" failures="0" timestamp="26 Jan 2021 12:52:48 GMT" time="138.227" errors="0">
  <testcase name="one" time="25.414" classname="com.qa.gridizen.LoginTest.AddCalenderTest"/>
  <testcase name="one" time="27.984" classname="com.qa.gridizen.LoginTest.AddCalenderTest"/>
  <testcase name="one" time="24.072" classname="com.qa.gridizen.LoginTest.AddCalenderTest"/>
  <testcase name="one" time="26.421" classname="com.qa.gridizen.LoginTest.AddCalenderTest"/>
  <testcase name="one" time="34.336" classname="com.qa.gridizen.LoginTest.AddCalenderTest"/>
</testsuite> <!-- com.qa.gridizen.LoginTest.AddCalenderTest -->
