<?xml version="1.0" encoding="UTF-8"?>
<!-- Generated by org.testng.reporters.JUnitReportReporter -->
<testsuite skipped="0" hostname="WT386.local" name="com.qa.gridizen.Pages.Experiance" tests="1" failures="0" timestamp="01 Feb 2021 04:11:00 GMT" time="1.071" errors="0">
  <testcase name="one1" time="1.071" classname="com.qa.gridizen.Pages.Experiance"/>
</testsuite> <!-- com.qa.gridizen.Pages.Experiance -->
